生成启动时间为 2018/1/1 下午 11:24:22。
     1>项目“C:\c_code\special finish1\Project1\Project1\Project1.vcxproj”在节点 2 上(Build 个目标)。
     1>C:\Program Files (x86)\MSBuild\Microsoft.Cpp\v4.0\V120\Microsoft.CppBuild.targets(363,5): warning MSB8004: Intermediate Directory does not end with a trailing slash.  This build instance will add the slash as it is required to allow proper evaluation of the Intermediate Directory.
     1>C:\Program Files (x86)\MSBuild\Microsoft.Cpp\v4.0\V120\Microsoft.CppBuild.targets(364,5): warning MSB8004: Output Directory does not end with a trailing slash.  This build instance will add the slash as it is required to allow proper evaluation of the Output Directory.
     1>ClCompile:
         C:\Program Files (x86)\Microsoft Visual Studio 12.0\VC\bin\CL.exe /c /I"C:\c_code\special finish1\include" /ZI /nologo /W3 /WX- /sdl- /Od /Oy- /D _MBCS /Gm /EHsc /RTC1 /MDd /GS /fp:precise /Zc:wchar_t /Zc:forScope /Fo"..\..\temp\debug\\" /Fd"..\..\temp\debug\vc120.pdb" /Gd /TC /analyze- /errorReport:prompt ..\..\source\main.c
         main.c
     1>c:\c_code\special finish1\source\main.c(11): warning C4005: “max”: 宏重定义
                 c:\program files (x86)\microsoft visual studio 12.0\vc\include\stdlib.h(921) : 参见“max”的前一个定义
     1>c:\c_code\special finish1\source\main.c(52): warning C4013: “getch”未定义；假设外部返回 int
     1>c:\c_code\special finish1\source\main.c(80): warning C4244: “函数”: 从“time_t”转换到“unsigned int”，可能丢失数据
     1>c:\c_code\special finish1\source\main.c(467): warning C4244: “=”: 从“double”转换到“int”，可能丢失数据
     1>c:\c_code\special finish1\source\main.c(496): warning C4244: “=”: 从“int”转换到“float”，可能丢失数据
     1>c:\c_code\special finish1\source\main.c(516): warning C4244: “函数”: 从“time_t”转换到“unsigned int”，可能丢失数据
     1>c:\c_code\special finish1\source\main.c(524): warning C4020: “gameend”: 实参太多
     1>c:\c_code\special finish1\source\main.c(509): warning C4101: “i”: 未引用的局部变量
     1>c:\c_code\special finish1\source\main.c(546): warning C4013: “getche”未定义；假设外部返回 int
     1>c:\c_code\special finish1\source\main.c(643): warning C4101: “z”: 未引用的局部变量
     1>c:\c_code\special finish1\source\main.c(669): warning C4029: 声明的形参表不同于定义
     1>c:\c_code\special finish1\source\main.c(698): warning C4244: “函数”: 从“time_t”转换到“unsigned int”，可能丢失数据
     1>c:\c_code\special finish1\source\main.c(736): warning C4996: 'fopen': This function or variable may be unsafe. Consider using fopen_s instead. To disable deprecation, use _CRT_SECURE_NO_WARNINGS. See online help for details.
                 c:\program files (x86)\microsoft visual studio 12.0\vc\include\stdio.h(211) : 参见“fopen”的声明
     1>c:\c_code\special finish1\source\main.c(742): warning C4098: “head6”:“void”函数返回值
     1>c:\c_code\special finish1\source\main.c(747): warning C4996: 'sscanf': This function or variable may be unsafe. Consider using sscanf_s instead. To disable deprecation, use _CRT_SECURE_NO_WARNINGS. See online help for details.
                 c:\program files (x86)\microsoft visual studio 12.0\vc\include\stdio.h(304) : 参见“sscanf”的声明
     1>c:\c_code\special finish1\source\main.c(754): warning C4047: “函数”:“char”与“char [20][15]”的间接级别不同
     1>c:\c_code\special finish1\source\main.c(754): warning C4024: “game”: 形参和实参 2 的类型不同
     1>c:\c_code\special finish1\source\main.c(765): warning C4028: 形参 2 与声明不同
     1>c:\c_code\special finish1\source\main.c(766): warning C4244: “函数”: 从“time_t”转换到“unsigned int”，可能丢失数据
     1>c:\c_code\special finish1\source\main.c(771): warning C4013: “strlen”未定义；假设外部返回 int
     1>c:\c_code\special finish1\source\main.c(767): warning C4101: “i”: 未引用的局部变量
     1>c:\c_code\special finish1\source\main.c(776): warning C4101: “ch”: 未引用的局部变量
       Link:
         C:\Program Files (x86)\Microsoft Visual Studio 12.0\VC\bin\link.exe /ERRORREPORT:PROMPT /OUT:"..\..\temp\debug\Project1.exe" /INCREMENTAL /NOLOGO kernel32.lib user32.lib gdi32.lib winspool.lib comdlg32.lib advapi32.lib shell32.lib ole32.lib oleaut32.lib uuid.lib odbc32.lib odbccp32.lib /MANIFEST /MANIFESTUAC:"level='asInvoker' uiAccess='false'" /manifest:embed /DEBUG /PDB:"..\..\temp\debug\Project1.pdb" /TLBID:1 /DYNAMICBASE /NXCOMPAT /IMPLIB:"..\..\temp\debug\Project1.lib" /MACHINE:X86 ..\..\temp\debug\main.obj
         Project1.vcxproj -> C:\c_code\special finish1\Project1\Project1\..\..\temp\debug\Project1.exe
     1>已完成生成项目“C:\c_code\special finish1\Project1\Project1\Project1.vcxproj”(Build 个目标)的操作。

生成成功。

已用时间 00:00:00.66
